#
# There is insufficient memory for the Java Runtime Environment to continue.
# Native memory allocation (malloc) failed to allocate 1048576 bytes for AllocateHeap
# Possible reasons:
#   The system is out of physical RAM or swap space
#   In 32 bit mode, the process size limit was hit
# Possible solutions:
#   Reduce memory load on the system
#   Increase physical memory or swap space
#   Check if swap backing store is full
#   Use 64 bit Java on a 64 bit OS
#   Decrease Java heap size (-Xmx/-Xms)
#   Decrease number of Java threads
#   Decrease Java thread stack sizes (-Xss)
#   Set larger code cache with -XX:ReservedCodeCacheSize=
# This output file may be truncated or incomplete.
#
#  Out of Memory Error (memory/allocation.inline.hpp:61), pid=23492, tid=15968
#
# JRE version:  (8.0_66-b17) (build )
# Java VM: Java HotSpot(TM) 64-Bit Server VM (25.66-b17 mixed mode windows-amd64 compressed oops)
# Failed to write core dump. Minidumps are not enabled by default on client versions of Windows
#

---------------  T H R E A D  ---------------

Current thread (0x0000000002a60800):  JavaThread "Unknown thread" [_thread_in_vm, id=15968, stack(0x00000000028f0000,0x00000000029f0000)]

Stack: [0x00000000028f0000,0x00000000029f0000]
[error occurred during error reporting (printing stack bounds), id 0xc0000005]

Native frames: (J=compiled Java code, j=interpreted, Vv=VM code, C=native code)


---------------  P R O C E S S  ---------------

Java Threads: ( => current thread )

Other Threads:

=>0x0000000002a60800 (exited) JavaThread "Unknown thread" [_thread_in_vm, id=15968, stack(0x00000000028f0000,0x00000000029f0000)]

VM state:not at safepoint (normal execution)

VM Mutex/Monitor currently owned by a thread: None

Heap:
 PSYoungGen      total 153088K, used 2631K [0x0000000715900000, 0x0000000720380000, 0x00000007c0000000)
  eden space 131584K, 2% used [0x0000000715900000,0x0000000715b91ec8,0x000000071d980000)
  from space 21504K, 0% used [0x000000071ee80000,0x000000071ee80000,0x0000000720380000)
  to   space 21504K, 0% used [0x000000071d980000,0x000000071d980000,0x000000071ee80000)
 ParOldGen       total 349696K, used 0K [0x00000005c0a00000, 0x00000005d5f80000, 0x0000000715900000)
  object space 349696K, 0% used [0x00000005c0a00000,0x00000005c0a00000,0x00000005d5f80000)
 Metaspace       used 767K, capacity 4480K, committed 4480K, reserved 1056768K
  class space    used 75K, capacity 384K, committed 384K, reserved 1048576K

Card table byte_map: [0x0000000011f20000,0x0000000012f20000] byte_map_base: 0x000000000f11b000

Marking Bits: (ParMarkBitMap*) 0x0000000053b5a5b0
 Begin Bits: [0x00000000141d0000, 0x000000001c1a8000)
 End Bits:   [0x000000001c1a8000, 0x0000000024180000)

Polling page: 0x00000000028b0000

CodeCache: size=245760Kb used=328Kb max_used=328Kb free=245431Kb
 bounds [0x0000000002b60000, 0x0000000002dd0000, 0x0000000011b60000]
 total_blobs=57 nmethods=0 adapters=37
 compilation: enabled

Compilation events (0 events):
No events

GC Heap History (0 events):
No events

Deoptimization events (0 events):
No events

Internal exceptions (0 events):
No events

Events (10 events):
Event: 0.021 loading class java/lang/Short
Event: 0.021 loading class java/lang/Short done
Event: 0.021 loading class java/lang/Integer
Event: 0.021 loading class java/lang/Integer done
Event: 0.021 loading class java/lang/Long
Event: 0.021 loading class java/lang/Long done
Event: 0.022 loading class java/lang/NullPointerException
Event: 0.022 loading class java/lang/NullPointerException done
Event: 0.022 loading class java/lang/ArithmeticException
Event: 0.022 loading class java/lang/ArithmeticException done


Dynamic libraries:
0x00007ff66bd20000 - 0x00007ff66bd57000 	C:\Program Files\Java\jdk1.8.0_66\bin\javaw.exe
0x00007ffb02790000 - 0x00007ffb02951000 	C:\Windows\SYSTEM32\ntdll.dll
0x00007ffb011b0000 - 0x00007ffb0125d000 	C:\Windows\system32\KERNEL32.DLL
0x00007ffaffc80000 - 0x00007ffaffe5d000 	C:\Windows\system32\KERNELBASE.dll
0x00007ffaffe60000 - 0x00007ffafff06000 	C:\Windows\system32\ADVAPI32.dll
0x00007ffb00c80000 - 0x00007ffb00d1d000 	C:\Windows\system32\msvcrt.dll
0x00007ffb010e0000 - 0x00007ffb0113b000 	C:\Windows\system32\sechost.dll
0x00007ffb00180000 - 0x00007ffb002a6000 	C:\Windows\system32\RPCRT4.dll
0x00007ffb00510000 - 0x00007ffb0065e000 	C:\Windows\system32\USER32.dll
0x00007ffb007c0000 - 0x00007ffb00946000 	C:\Windows\system32\GDI32.dll
0x00007ffaf9fa0000 - 0x00007ffafa214000 	C:\Windows\WinSxS\amd64_microsoft.windows.common-controls_6595b64144ccf1df_6.0.10240.16384_none_f41f7b285750ef43\COMCTL32.dll
0x00007ffafff10000 - 0x00007ffafff46000 	C:\Windows\system32\IMM32.DLL
0x00007ffb00660000 - 0x00007ffb007bc000 	C:\Windows\system32\MSCTF.dll
0x0000000052a70000 - 0x0000000052b42000 	C:\Program Files\Java\jdk1.8.0_66\jre\bin\msvcr100.dll
0x0000000053350000 - 0x0000000053bd9000 	C:\Program Files\Java\jdk1.8.0_66\jre\bin\server\jvm.dll
0x00007ffb009e0000 - 0x00007ffb009e8000 	C:\Windows\system32\PSAPI.DLL
0x00007ffafd530000 - 0x00007ffafd539000 	C:\Windows\SYSTEM32\WSOCK32.dll
0x00007ffafd4d0000 - 0x00007ffafd4f3000 	C:\Windows\SYSTEM32\WINMM.dll
0x00007ffafa9f0000 - 0x00007ffafa9fa000 	C:\Windows\SYSTEM32\VERSION.dll
0x00007ffb01140000 - 0x00007ffb011a9000 	C:\Windows\system32\WS2_32.dll
0x00007ffafd360000 - 0x00007ffafd38c000 	C:\Windows\SYSTEM32\WINMMBASE.dll
0x00007ffb00970000 - 0x00007ffb00978000 	C:\Windows\system32\NSI.dll
0x00007ffaffc30000 - 0x00007ffaffc74000 	C:\Windows\system32\cfgmgr32.dll
0x00007ffafdb30000 - 0x00007ffafdb57000 	C:\Windows\SYSTEM32\DEVOBJ.dll
0x0000000053340000 - 0x000000005334f000 	C:\Program Files\Java\jdk1.8.0_66\jre\bin\verify.dll
0x0000000053310000 - 0x0000000053339000 	C:\Program Files\Java\jdk1.8.0_66\jre\bin\java.dll
0x00000000532f0000 - 0x0000000053306000 	C:\Program Files\Java\jdk1.8.0_66\jre\bin\zip.dll

VM Arguments:
jvm_args: -Dfile.encoding=MS874 
java_command: core.CollaborativeBoard
java_class_path (initial): C:\Users\infin\workspace\Collaborative Board\bin;C:\Users\infin\workspace\Collaborative Board\lib\jpen-2.jar
Launcher Type: SUN_STANDARD

Environment Variables:
PATH=C:/Program Files/Java/jdk1.8.0_66/jre/bin/server;C:/Program Files/Java/jdk1.8.0_66/jre/bin;C:/Program Files/Java/jdk1.8.0_66/jre/lib/amd64;C:\ProgramData\Oracle\Java\javapath;C:\Windows\system32;C:\Windows;C:\Windows\System32\Wbem;C:\Windows\System32\WindowsPowerShell\v1.0\;C:\Program Files (x86)\Skype\Phone\;C:\Program Files\Microsoft SQL Server\120\Tools\Binn\;C:\Program Files (x86)\Windows Kits\10\Windows Performance Toolkit\;D:\wamp\bin\php\php5.5.12;C:\ProgramData\ComposerSetup\bin;C:\Program Files (x86)\NVIDIA Corporation\PhysX\Common;;C:\Users\infin\eclipse\java-mars2\eclipse;
USERNAME=infin
OS=Windows_NT
PROCESSOR_IDENTIFIER=Intel64 Family 6 Model 58 Stepping 9, GenuineIntel



---------------  S Y S T E M  ---------------

OS: Windows 10.0 , 64 bit Build 10240 (10.0.10240.16384)

CPU:total 8 (4 cores per cpu, 2 threads per core) family 6 model 58 stepping 9, cmov, cx8, fxsr, mmx, sse, sse2, sse3, ssse3, sse4.1, sse4.2, popcnt, avx, aes, clmul, erms, ht, tsc, tscinvbit, tscinv

Memory: 4k page, physical 33508952k(9116332k free), swap 33508952k(5440k free)

vm_info: Java HotSpot(TM) 64-Bit Server VM (25.66-b17) for windows-amd64 JRE (1.8.0_66-b17), built on Oct  6 2015 18:55:33 by "java_re" with MS VC++ 10.0 (VS2010)

time: Tue Nov 17 12:33:58 2015
elapsed time: 0 seconds (0d 0h 0m 0s)

